[debug] [2022-06-21T19:44:17.734Z] ----------------------------------------------------------------------
[debug] [2022-06-21T19:44:17.735Z] Command:       C:\Program Files\nodejs\node.exe C:\Users\vamsi suhas\AppData\Roaming\npm\node_modules\firebase-tools\lib\bin\firebase.js emulators:start
[debug] [2022-06-21T19:44:17.736Z] CLI Version:   11.1.0
[debug] [2022-06-21T19:44:17.736Z] Platform:      win32
[debug] [2022-06-21T19:44:17.736Z] Node Version:  v16.15.1
[debug] [2022-06-21T19:44:17.737Z] Time:          Wed Jun 22 2022 01:14:17 GMT+0530 (India Standard Time)
[debug] [2022-06-21T19:44:17.737Z] ----------------------------------------------------------------------
[debug] 
[debug] [2022-06-21T19:44:17.794Z] > command requires scopes: ["email","openid","https://www.googleapis.com/auth/cloudplatformprojects.readonly","https://www.googleapis.com/auth/firebase","https://www.googleapis.com/auth/cloud-platform"]
[debug] [2022-06-21T19:44:17.794Z] > authorizing via signed-in user (vamsisuhas18@gmail.com)
[info] i  emulators: Starting emulators: functions, hosting {"metadata":{"emulator":{"name":"hub"},"message":"Starting emulators: functions, hosting"}}
[debug] [2022-06-21T19:44:17.857Z] [hub] writing locator at C:\Users\VAMSIS~1\AppData\Local\Temp\hub-onlineshoppingapp-1c0b1.json
[warn] !  functions: The following emulators are not running, calls to these services from the Functions emulator will affect production: auth, firestore, database, pubsub, storage {"metadata":{"emulator":{"name":"functions"},"message":"The following emulators are not running, calls to these services from the Functions emulator will affect production: \u001b[1mauth, firestore, database, pubsub, storage\u001b[22m"}}
[info] +  functions: Using node@16 from host. {"metadata":{"emulator":{"name":"functions"},"message":"Using node@16 from host."}}
[debug] [2022-06-21T19:44:17.899Z] defaultcredentials: writing to file C:\Users\vamsi suhas\AppData\Roaming\firebase\vamsisuhas18_gmail_com_application_default_credentials.json
[debug] [2022-06-21T19:44:17.905Z] Setting GAC to C:\Users\vamsi suhas\AppData\Roaming\firebase\vamsisuhas18_gmail_com_application_default_credentials.json {"metadata":{"emulator":{"name":"functions"},"message":"Setting GAC to C:\\Users\\vamsi suhas\\AppData\\Roaming\\firebase\\vamsisuhas18_gmail_com_application_default_credentials.json"}}
[debug] [2022-06-21T19:44:17.908Z] >>> [apiv2][query] GET https://firebase.googleapis.com/v1beta1/projects/onlineshoppingapp-1c0b1/adminSdkConfig [none]
[debug] [2022-06-21T19:44:18.605Z] <<< [apiv2][status] GET https://firebase.googleapis.com/v1beta1/projects/onlineshoppingapp-1c0b1/adminSdkConfig 200
[debug] [2022-06-21T19:44:18.605Z] <<< [apiv2][body] GET https://firebase.googleapis.com/v1beta1/projects/onlineshoppingapp-1c0b1/adminSdkConfig {"projectId":"onlineshoppingapp-1c0b1","storageBucket":"onlineshoppingapp-1c0b1.appspot.com","locationId":"us-central"}
[debug] [2022-06-21T19:44:18.880Z] >>> [apiv2][query] GET https://firebasehosting.googleapis.com/v1beta1/projects/onlineshoppingapp-1c0b1/sites 
[debug] [2022-06-21T19:44:20.706Z] <<< [apiv2][status] GET https://firebasehosting.googleapis.com/v1beta1/projects/onlineshoppingapp-1c0b1/sites 200
[debug] [2022-06-21T19:44:20.706Z] <<< [apiv2][body] GET https://firebasehosting.googleapis.com/v1beta1/projects/onlineshoppingapp-1c0b1/sites {"sites":[{"name":"projects/onlineshoppingapp-1c0b1/sites/onlineshoppingapp-1c0b1","defaultUrl":"https://onlineshoppingapp-1c0b1.web.app","appId":"1:301053064567:web:51b0df16eb708abfa09d72","type":"DEFAULT_SITE"}]}
[debug] [2022-06-21T19:44:20.706Z] >>> [apiv2][query] GET https://firebase.googleapis.com/v1beta1/projects/onlineshoppingapp-1c0b1/webApps/1:301053064567:web:51b0df16eb708abfa09d72/config [none]
[debug] [2022-06-21T19:44:22.259Z] <<< [apiv2][status] GET https://firebase.googleapis.com/v1beta1/projects/onlineshoppingapp-1c0b1/webApps/1:301053064567:web:51b0df16eb708abfa09d72/config 200
[debug] [2022-06-21T19:44:22.260Z] <<< [apiv2][body] GET https://firebase.googleapis.com/v1beta1/projects/onlineshoppingapp-1c0b1/webApps/1:301053064567:web:51b0df16eb708abfa09d72/config {"projectId":"onlineshoppingapp-1c0b1","appId":"1:301053064567:web:51b0df16eb708abfa09d72","storageBucket":"onlineshoppingapp-1c0b1.appspot.com","locationId":"us-central","apiKey":"AIzaSyDXxBGCDYbvtmoLSpl6qatkL19x990qH5s","authDomain":"onlineshoppingapp-1c0b1.firebaseapp.com","messagingSenderId":"301053064567","measurementId":"G-D42PXCL3HH"}
[info] i  hosting: Serving hosting files from: build {"metadata":{"emulator":{"name":"hosting"},"message":"Serving hosting files from: \u001b[1mbuild\u001b[22m"}}
[info] +  hosting: Local server: http://localhost:5000 {"metadata":{"emulator":{"name":"hosting"},"message":"Local server: \u001b[4m\u001b[1mhttp://localhost:5000\u001b[22m\u001b[24m"}}
[debug] [2022-06-21T19:44:22.286Z] Ignoring unsupported arg: auto_download {"metadata":{"emulator":{"name":"ui"},"message":"Ignoring unsupported arg: auto_download"}}
[debug] [2022-06-21T19:44:22.287Z] Ignoring unsupported arg: port {"metadata":{"emulator":{"name":"ui"},"message":"Ignoring unsupported arg: port"}}
[debug] [2022-06-21T19:44:22.287Z] Starting Emulator UI with command {"binary":"node","args":["--dns-result-order=ipv4first","C:\\Users\\vamsi suhas\\.cache\\firebase\\emulators\\ui-v1.7.0\\server.bundle.js"],"optionalArgs":[],"joinArgs":false} {"metadata":{"emulator":{"name":"ui"},"message":"Starting Emulator UI with command {\"binary\":\"node\",\"args\":[\"--dns-result-order=ipv4first\",\"C:\\\\Users\\\\vamsi suhas\\\\.cache\\\\firebase\\\\emulators\\\\ui-v1.7.0\\\\server.bundle.js\"],\"optionalArgs\":[],\"joinArgs\":false}"}}
[info] i  ui: Emulator UI logging to ui-debug.log {"metadata":{"emulator":{"name":"ui"},"message":"Emulator UI logging to \u001b[1mui-debug.log\u001b[22m"}}
[debug] [2022-06-21T19:44:22.423Z] Web / API server started at localhost:4000
 {"metadata":{"emulator":{"name":"ui"},"message":"Web / API server started at localhost:4000\n"}}
[info] i  functions: Watching "D:\PROJECTS\e-commerce-website\functions" for Cloud Functions... {"metadata":{"emulator":{"name":"functions"},"message":"Watching \"D:\\PROJECTS\\e-commerce-website\\functions\" for Cloud Functions..."}}
[debug] [2022-06-21T19:44:22.569Z] Validating nodejs source
[debug] [2022-06-21T19:44:25.207Z] > [functions] package.json contents: {
  "name": "functions",
  "description": "Cloud Functions for Firebase",
  "scripts": {
    "lint": "eslint .",
    "serve": "firebase emulators:start --only functions",
    "shell": "firebase functions:shell",
    "start": "npm run shell",
    "deploy": "firebase deploy --only functions",
    "logs": "firebase functions:log"
  },
  "engines": {
    "node": "16"
  },
  "main": "index.js",
  "dependencies": {
    "cors": "^2.8.5",
    "express": "^4.18.1",
    "firebase-admin": "^10.0.2",
    "firebase-functions": "^3.18.0",
    "stripe": "^9.9.0"
  },
  "devDependencies": {
    "eslint": "^8.9.0",
    "eslint-config-google": "^0.14.0",
    "firebase-functions-test": "^0.2.0"
  },
  "private": true
}
[debug] [2022-06-21T19:44:25.208Z] Building nodejs source
[debug] [2022-06-21T19:44:25.208Z] Analyzing nodejs backend spec
[debug] [2022-06-21T19:44:25.209Z] Could not find functions.yaml. Must use http discovery
[debug] [2022-06-21T19:44:25.521Z] Serving at port 9005

[debug] [2022-06-21T19:44:25.687Z] Got response from /__/functions.yaml {"endpoints":{"api":{"platform":"gcfv1","httpsTrigger":{},"entryPoint":"api"}},"specVersion":"v1alpha1","requiredAPIs":[]}
[debug] [2022-06-21T19:44:25.698Z] shutdown requested via /__/quitquitquit

[info] +  functions[us-central1-api]: http function initialized (http://localhost:5001/onlineshoppingapp-1c0b1/us-central1/api). {"metadata":{"emulator":{"name":"functions"},"message":"\u001b[1mhttp\u001b[22m function initialized (http://localhost:5001/onlineshoppingapp-1c0b1/us-central1/api)."}}
[info] 
┌─────────────────────────────────────────────────────────────┐
│ ✔  All emulators ready! It is now safe to connect your app. │
│ i  View Emulator UI at http://localhost:4000                │
└─────────────────────────────────────────────────────────────┘

┌───────────┬────────────────┬─────────────────────────────────┐
│ Emulator  │ Host:Port      │ View in Emulator UI             │
├───────────┼────────────────┼─────────────────────────────────┤
│ Functions │ localhost:5001 │ http://localhost:4000/functions │
├───────────┼────────────────┼─────────────────────────────────┤
│ Hosting   │ localhost:5000 │ n/a                             │
└───────────┴────────────────┴─────────────────────────────────┘
  Emulator Hub running at localhost:4400
  Other reserved ports: 4500

Issues? Report them at https://github.com/firebase/firebase-tools/issues and attach the *-debug.log files.
 
